[www.chungdd.online/mau5.html]
[backblue.gif]
[fade.gif]
[index.html]
[content.pancake.vn/1/s50x50/fwebp/28/ba/ba/88/29e89904320fc7576df22b816f68a2b559669946ae5db6db782b6c8d.jpg]
[fonts.googleapis.com/index.html]
[www.youtube.com/index.html]
[content.pancake.vn/web-media/0a/54/8a/80/afdbc7f3706a1ec7ccf73819e2d30d3e4e9819b313d0be57b9f57610.jpg]
[content.pancake.vn/1/s1380x536/fwebp/cf/cf/28/5f/f9ca08165577556ed2df053b0962a0e8e670490844d7ad5e84fa48b2.png]
[content.pancake.vn/1/fwebp/e2/bc/35/38/dc2d9ddf74d997785eb0c802bd3237a50de1118e505f1e0a89ae4ec1-w_592-h_1280-l_497233-t_image/png.png]
[api.webcake.io/animate/animatev43860.css]
[api.webcake.io/render_iconfont/iconfont3860.css]
[www.chungdd.online/webcake/v4/a492f731-fcb6-4446-b229-0e29ade16dbe3860.html]
[www.chungdd.online/page_view1fe7.gif]
[www.chungdd.online/mau5.html]
[statics.pancake.vn/index.html]
[content.pancake.vn/index.html]
[www.youtube.com/s/desktop/784cc796/img/logos/favicon.ico]
[www.youtube.com/s/desktop/784cc796/img/logos/favicon_32x32.png]
[www.youtube.com/s/desktop/784cc796/img/logos/favicon_48x48.png]
[www.youtube.com/s/desktop/784cc796/img/logos/favicon_96x96.png]
[www.youtube.com/s/desktop/784cc796/img/logos/favicon_144x144.png]
[www.youtube.com/opensearch97fa]
[www.youtube.com/manifest.webmanifest]
[www.youtube.com/index.html]
[a.pancake.vn/images/phoenix-5bd99a0d17dd41bc9d9bf6840abcc08924ad.png]
[a.pancake.vn/index.html]
[fonts.gstatic.com/index.html]
[fonts.googleapis.com/index.html]
[analytics.tiktok.com/i18n/pixel]
[analytics.tiktok.com/api/v2/pixel.html]
[fonts.googleapis.com/css104e.css]
[www.chungdd.online/sync/index.html]
[www.chungdd.online/ext_sync/index.html]
[www.chungdd.online/index.html]
[www.chungdd.online/form_data/index.html]
[www.chungdd.online/create_temp_form/index.html]
[www.chungdd.online/ext_create_form_data/index.html]
[www.chungdd.online/create_form_data/index.html]
[www.chungdd.online/ext_create_temp_form/index.html]
[www.chungdd.online/cart/app2a3b.js]
[www.chungdd.online/datasets/index.html]
[www.chungdd.online/partners/index.html]
[www.chungdd.online/global_section/index.html]
[www.chungdd.online/webcake/v4/a492f731-fcb6-4446-b229-0e29ade16dbe3860.html]
[m.youtube.com/index.html]
[www.youtube.com/android-app_/com.google.android.youtube/http/www.youtube.com/index.html]
[www.youtube.com/ios-app_/544007664/vnd.youtube/www.youtube.com/index.html]
[i.ytimg.com/generate_204.html]
[fonts.googleapis.com/css2d628.css]
[www.youtube.com/s/_/ytmainappweb/_/ss/k=ytmainappweb.kevlar_base.kVtg3sdhyJg.L.X.O/am=AIAgAQ/d=0/rs=AGKMywEYnEN3eLRSoBAoFkWk-hgBN-NP4w.css]
[webcake.io/static/icon/favicon.ico]
[content.pancake.vn/1/48/c1/5e/fa/d6427653b3fa44d854f2171914c91e090286b98f56448f3101970b11.png]
[www.chungdd.online/sync/index.html]
[www.chungdd.online/ext_sync/index.html]
[www.chungdd.online/index.html]
[www.chungdd.online/form_data/index.html]
[www.chungdd.online/create_temp_form/index.html]
[www.chungdd.online/ext_create_temp_form/index.html]
[www.chungdd.online/create_form_data/index.html]
[www.chungdd.online/ext_create_form_data/index.html]
[www.chungdd.online/webcake/v4/v.json]
[www.chungdd.online/webcake/v4/e.json]
[www.chungdd.online/webcake/v4/O.json]
[www.chungdd.online/datasets/index.html]
[www.chungdd.online/partners/index.html]
[www.chungdd.online/global_section/index.html]
[content.pancake.vn/1.1/30/5a/c2/93/9ec72c8ce8898050035dddbb989c950bc1faabdc1fdcc11175dea467.svg]
[api.webcake.io/animate/animatev43860.css]
[www.youtube.com/manifest.webmanifest]
[www.youtube.com/opensearch97fa]
[api.webcake.io/render_iconfont/iconfontbd18.woff2]
[api.webcake.io/render_iconfont/iconfontbd18.woff]
[api.webcake.io/render_iconfont/iconfontbd18.ttf]
[api.webcake.io/render_iconfont/iconfont3860.css]
[www.youtube.com/s/desktop/784cc796/cssbin/www-main-desktop-home-page-skeleton.css]
[www.youtube.com/s/desktop/784cc796/cssbin/www-onepick.css]
[www.youtube.com/s/desktop/784cc796/cssbin/www-main-desktop-watch-page-skeleton.css]
[www.chungdd.online/webcake/v4/www.webcake.json]
[www.googletagmanager.com/gtm5445.html]
